<?xml version="1.0" encoding="UTF-8"?>
<testsuite xmlns:xsi="http://www.w3.org/2001/XMLSchema-instance" xsi:noNamespaceSchemaLocation="https://maven.apache.org/surefire/maven-surefire-plugin/xsd/surefire-test-report.xsd" name="poc.inetum.flowable.DemoApplicationTests" time="2.872" tests="0" errors="0" skipped="0" failures="0">
  <properties>
    <property name="sun.desktop" value="windows"/>
    <property name="awt.toolkit" value="sun.awt.windows.WToolkit"/>
    <property name="java.specification.version" value="11"/>
    <property name="sun.cpu.isalist" value="amd64"/>
    <property name="sun.jnu.encoding" value="Cp1252"/>
    <property name="java.class.path" value="C:\Users\raouf.rhimi\Desktop\SocleCommun\SocleCommunBack\target\test-classes;C:\Users\raouf.rhimi\Desktop\SocleCommun\SocleCommunBack\target\classes;C:\Users\raouf.rhimi\.m2\repository\org\springframework\boot\spring-boot-starter-security\2.6.3\spring-boot-starter-security-2.6.3.jar;C:\Users\raouf.rhimi\.m2\repository\org\springframework\boot\spring-boot-starter\2.6.3\spring-boot-starter-2.6.3.jar;C:\Users\raouf.rhimi\.m2\repository\org\springframework\boot\spring-boot-starter-logging\2.6.3\spring-boot-starter-logging-2.6.3.jar;C:\Users\raouf.rhimi\.m2\repository\ch\qos\logback\logback-classic\1.2.10\logback-classic-1.2.10.jar;C:\Users\raouf.rhimi\.m2\repository\ch\qos\logback\logback-core\1.2.10\logback-core-1.2.10.jar;C:\Users\raouf.rhimi\.m2\repository\org\apache\logging\log4j\log4j-to-slf4j\2.17.1\log4j-to-slf4j-2.17.1.jar;C:\Users\raouf.rhimi\.m2\repository\org\apache\logging\log4j\log4j-api\2.17.1\log4j-api-2.17.1.jar;C:\Users\raouf.rhimi\.m2\repository\org\slf4j\jul-to-slf4j\1.7.33\jul-to-slf4j-1.7.33.jar;C:\Users\raouf.rhimi\.m2\repository\jakarta\annotation\jakarta.annotation-api\1.3.5\jakarta.annotation-api-1.3.5.jar;C:\Users\raouf.rhimi\.m2\repository\org\yaml\snakeyaml\1.29\snakeyaml-1.29.jar;C:\Users\raouf.rhimi\.m2\repository\org\springframework\spring-aop\5.3.15\spring-aop-5.3.15.jar;C:\Users\raouf.rhimi\.m2\repository\org\springframework\spring-beans\5.3.15\spring-beans-5.3.15.jar;C:\Users\raouf.rhimi\.m2\repository\org\springframework\security\spring-security-config\5.6.1\spring-security-config-5.6.1.jar;C:\Users\raouf.rhimi\.m2\repository\org\springframework\spring-context\5.3.15\spring-context-5.3.15.jar;C:\Users\raouf.rhimi\.m2\repository\org\springframework\security\spring-security-web\5.6.1\spring-security-web-5.6.1.jar;C:\Users\raouf.rhimi\.m2\repository\org\springframework\spring-expression\5.3.15\spring-expression-5.3.15.jar;C:\Users\raouf.rhimi\.m2\repository\org\springframework\security\spring-security-oauth2-resource-server\5.6.1\spring-security-oauth2-resource-server-5.6.1.jar;C:\Users\raouf.rhimi\.m2\repository\org\springframework\security\spring-security-core\5.6.1\spring-security-core-5.6.1.jar;C:\Users\raouf.rhimi\.m2\repository\org\springframework\security\spring-security-crypto\5.6.1\spring-security-crypto-5.6.1.jar;C:\Users\raouf.rhimi\.m2\repository\org\springframework\security\spring-security-oauth2-core\5.6.1\spring-security-oauth2-core-5.6.1.jar;C:\Users\raouf.rhimi\.m2\repository\org\springframework\spring-core\5.3.15\spring-core-5.3.15.jar;C:\Users\raouf.rhimi\.m2\repository\org\springframework\spring-jcl\5.3.15\spring-jcl-5.3.15.jar;C:\Users\raouf.rhimi\.m2\repository\org\springframework\security\spring-security-oauth2-jose\5.6.1\spring-security-oauth2-jose-5.6.1.jar;C:\Users\raouf.rhimi\.m2\repository\com\nimbusds\nimbus-jose-jwt\9.14\nimbus-jose-jwt-9.14.jar;C:\Users\raouf.rhimi\.m2\repository\com\github\stephenc\jcip\jcip-annotations\1.0-1\jcip-annotations-1.0-1.jar;C:\Users\raouf.rhimi\.m2\repository\org\liquibase\liquibase-core\4.5.0\liquibase-core-4.5.0.jar;C:\Users\raouf.rhimi\.m2\repository\javax\xml\bind\jaxb-api\2.3.1\jaxb-api-2.3.1.jar;C:\Users\raouf.rhimi\.m2\repository\javax\activation\javax.activation-api\1.2.0\javax.activation-api-1.2.0.jar;C:\Users\raouf.rhimi\.m2\repository\org\postgresql\postgresql\42.3.2\postgresql-42.3.2.jar;C:\Users\raouf.rhimi\.m2\repository\org\checkerframework\checker-qual\3.5.0\checker-qual-3.5.0.jar;C:\Users\raouf.rhimi\.m2\repository\org\springframework\boot\spring-boot-starter-data-jpa\2.6.3\spring-boot-starter-data-jpa-2.6.3.jar;C:\Users\raouf.rhimi\.m2\repository\org\springframework\boot\spring-boot-starter-aop\2.6.3\spring-boot-starter-aop-2.6.3.jar;C:\Users\raouf.rhimi\.m2\repository\org\aspectj\aspectjweaver\1.9.7\aspectjweaver-1.9.7.jar;C:\Users\raouf.rhimi\.m2\repository\org\springframework\boot\spring-boot-starter-jdbc\2.6.3\spring-boot-starter-jdbc-2.6.3.jar;C:\Users\raouf.rhimi\.m2\repository\com\zaxxer\HikariCP\4.0.3\HikariCP-4.0.3.jar;C:\Users\raouf.rhimi\.m2\repository\org\springframework\spring-jdbc\5.3.15\spring-jdbc-5.3.15.jar;C:\Users\raouf.rhimi\.m2\repository\jakarta\transaction\jakarta.transaction-api\1.3.3\jakarta.transaction-api-1.3.3.jar;C:\Users\raouf.rhimi\.m2\repository\jakarta\persistence\jakarta.persistence-api\2.2.3\jakarta.persistence-api-2.2.3.jar;C:\Users\raouf.rhimi\.m2\repository\org\hibernate\hibernate-core\5.6.4.Final\hibernate-core-5.6.4.Final.jar;C:\Users\raouf.rhimi\.m2\repository\org\jboss\logging\jboss-logging\3.4.3.Final\jboss-logging-3.4.3.Final.jar;C:\Users\raouf.rhimi\.m2\repository\net\bytebuddy\byte-buddy\1.11.22\byte-buddy-1.11.22.jar;C:\Users\raouf.rhimi\.m2\repository\antlr\antlr\2.7.7\antlr-2.7.7.jar;C:\Users\raouf.rhimi\.m2\repository\org\jboss\jandex\2.4.2.Final\jandex-2.4.2.Final.jar;C:\Users\raouf.rhimi\.m2\repository\com\fasterxml\classmate\1.5.1\classmate-1.5.1.jar;C:\Users\raouf.rhimi\.m2\repository\org\hibernate\common\hibernate-commons-annotations\5.1.2.Final\hibernate-commons-annotations-5.1.2.Final.jar;C:\Users\raouf.rhimi\.m2\repository\org\glassfish\jaxb\jaxb-runtime\2.3.5\jaxb-runtime-2.3.5.jar;C:\Users\raouf.rhimi\.m2\repository\org\glassfish\jaxb\txw2\2.3.5\txw2-2.3.5.jar;C:\Users\raouf.rhimi\.m2\repository\com\sun\istack\istack-commons-runtime\3.0.12\istack-commons-runtime-3.0.12.jar;C:\Users\raouf.rhimi\.m2\repository\com\sun\activation\jakarta.activation\1.2.2\jakarta.activation-1.2.2.jar;C:\Users\raouf.rhimi\.m2\repository\org\springframework\data\spring-data-jpa\2.6.1\spring-data-jpa-2.6.1.jar;C:\Users\raouf.rhimi\.m2\repository\org\springframework\data\spring-data-commons\2.6.1\spring-data-commons-2.6.1.jar;C:\Users\raouf.rhimi\.m2\repository\org\springframework\spring-orm\5.3.15\spring-orm-5.3.15.jar;C:\Users\raouf.rhimi\.m2\repository\org\springframework\spring-tx\5.3.15\spring-tx-5.3.15.jar;C:\Users\raouf.rhimi\.m2\repository\org\springframework\spring-aspects\5.3.15\spring-aspects-5.3.15.jar;C:\Users\raouf.rhimi\.m2\repository\org\springframework\boot\spring-boot-starter-web\2.6.3\spring-boot-starter-web-2.6.3.jar;C:\Users\raouf.rhimi\.m2\repository\org\springframework\boot\spring-boot-starter-json\2.6.3\spring-boot-starter-json-2.6.3.jar;C:\Users\raouf.rhimi\.m2\repository\com\fasterxml\jackson\core\jackson-databind\2.13.1\jackson-databind-2.13.1.jar;C:\Users\raouf.rhimi\.m2\repository\com\fasterxml\jackson\datatype\jackson-datatype-jdk8\2.13.1\jackson-datatype-jdk8-2.13.1.jar;C:\Users\raouf.rhimi\.m2\repository\com\fasterxml\jackson\datatype\jackson-datatype-jsr310\2.13.1\jackson-datatype-jsr310-2.13.1.jar;C:\Users\raouf.rhimi\.m2\repository\com\fasterxml\jackson\module\jackson-module-parameter-names\2.13.1\jackson-module-parameter-names-2.13.1.jar;C:\Users\raouf.rhimi\.m2\repository\org\springframework\boot\spring-boot-starter-tomcat\2.6.3\spring-boot-starter-tomcat-2.6.3.jar;C:\Users\raouf.rhimi\.m2\repository\org\apache\tomcat\embed\tomcat-embed-core\9.0.56\tomcat-embed-core-9.0.56.jar;C:\Users\raouf.rhimi\.m2\repository\org\apache\tomcat\embed\tomcat-embed-el\9.0.56\tomcat-embed-el-9.0.56.jar;C:\Users\raouf.rhimi\.m2\repository\org\apache\tomcat\embed\tomcat-embed-websocket\9.0.56\tomcat-embed-websocket-9.0.56.jar;C:\Users\raouf.rhimi\.m2\repository\org\springframework\spring-web\5.3.15\spring-web-5.3.15.jar;C:\Users\raouf.rhimi\.m2\repository\org\springframework\spring-webmvc\5.3.15\spring-webmvc-5.3.15.jar;C:\Users\raouf.rhimi\.m2\repository\org\flowable\flowable-spring-boot-starter-process\6.6.0\flowable-spring-boot-starter-process-6.6.0.jar;C:\Users\raouf.rhimi\.m2\repository\org\flowable\flowable-spring-boot-autoconfigure\6.6.0\flowable-spring-boot-autoconfigure-6.6.0.jar;C:\Users\raouf.rhimi\.m2\repository\org\flowable\flowable-spring-security\6.6.0\flowable-spring-security-6.6.0.jar;C:\Users\raouf.rhimi\.m2\repository\org\flowable\flowable-engine\6.6.0\flowable-engine-6.6.0.jar;C:\Users\raouf.rhimi\.m2\repository\org\flowable\flowable-bpmn-converter\6.6.0\flowable-bpmn-converter-6.6.0.jar;C:\Users\raouf.rhimi\.m2\repository\org\flowable\flowable-bpmn-model\6.6.0\flowable-bpmn-model-6.6.0.jar;C:\Users\raouf.rhimi\.m2\repository\org\flowable\flowable-process-validation\6.6.0\flowable-process-validation-6.6.0.jar;C:\Users\raouf.rhimi\.m2\repository\org\flowable\flowable-image-generator\6.6.0\flowable-image-generator-6.6.0.jar;C:\Users\raouf.rhimi\.m2\repository\org\flowable\flowable-engine-common-api\6.6.0\flowable-engine-common-api-6.6.0.jar;C:\Users\raouf.rhimi\.m2\repository\org\flowable\flowable-engine-common\6.6.0\flowable-engine-common-6.6.0.jar;C:\Users\raouf.rhimi\.m2\repository\org\flowable\flowable-variable-service-api\6.6.0\flowable-variable-service-api-6.6.0.jar;C:\Users\raouf.rhimi\.m2\repository\org\flowable\flowable-event-registry-api\6.6.0\flowable-event-registry-api-6.6.0.jar;C:\Users\raouf.rhimi\.m2\repository\org\flowable\flowable-variable-service\6.6.0\flowable-variable-service-6.6.0.jar;C:\Users\raouf.rhimi\.m2\repository\org\flowable\flowable-identitylink-service\6.6.0\flowable-identitylink-service-6.6.0.jar;C:\Users\raouf.rhimi\.m2\repository\org\flowable\flowable-identitylink-service-api\6.6.0\flowable-identitylink-service-api-6.6.0.jar;C:\Users\raouf.rhimi\.m2\repository\org\flowable\flowable-entitylink-service\6.6.0\flowable-entitylink-service-6.6.0.jar;C:\Users\raouf.rhimi\.m2\repository\org\flowable\flowable-entitylink-service-api\6.6.0\flowable-entitylink-service-api-6.6.0.jar;C:\Users\raouf.rhimi\.m2\repository\org\flowable\flowable-event-registry\6.6.0\flowable-event-registry-6.6.0.jar;C:\Users\raouf.rhimi\.m2\repository\org\flowable\flowable-event-registry-model\6.6.0\flowable-event-registry-model-6.6.0.jar;C:\Users\raouf.rhimi\.m2\repository\org\flowable\flowable-event-registry-json-converter\6.6.0\flowable-event-registry-json-converter-6.6.0.jar;C:\Users\raouf.rhimi\.m2\repository\org\flowable\flowable-eventsubscription-service-api\6.6.0\flowable-eventsubscription-service-api-6.6.0.jar;C:\Users\raouf.rhimi\.m2\repository\commons-io\commons-io\2.8.0\commons-io-2.8.0.jar;C:\Users\raouf.rhimi\.m2\repository\com\fasterxml\uuid\java-uuid-generator\3.3.0\java-uuid-generator-3.3.0.jar;C:\Users\raouf.rhimi\.m2\repository\org\flowable\flowable-event-registry-configurator\6.6.0\flowable-event-registry-configurator-6.6.0.jar;C:\Users\raouf.rhimi\.m2\repository\org\flowable\flowable-eventsubscription-service\6.6.0\flowable-eventsubscription-service-6.6.0.jar;C:\Users\raouf.rhimi\.m2\repository\org\flowable\flowable-task-service\6.6.0\flowable-task-service-6.6.0.jar;C:\Users\raouf.rhimi\.m2\repository\org\flowable\flowable-task-service-api\6.6.0\flowable-task-service-api-6.6.0.jar;C:\Users\raouf.rhimi\.m2\repository\org\flowable\flowable-job-service\6.6.0\flowable-job-service-6.6.0.jar;C:\Users\raouf.rhimi\.m2\repository\org\flowable\flowable-job-service-api\6.6.0\flowable-job-service-api-6.6.0.jar;C:\Users\raouf.rhimi\.m2\repository\org\flowable\flowable-batch-service\6.6.0\flowable-batch-service-6.6.0.jar;C:\Users\raouf.rhimi\.m2\repository\org\flowable\flowable-batch-service-api\6.6.0\flowable-batch-service-api-6.6.0.jar;C:\Users\raouf.rhimi\.m2\repository\org\flowable\flowable-idm-api\6.6.0\flowable-idm-api-6.6.0.jar;C:\Users\raouf.rhimi\.m2\repository\org\flowable\flowable-idm-engine\6.6.0\flowable-idm-engine-6.6.0.jar;C:\Users\raouf.rhimi\.m2\repository\org\flowable\flowable-idm-engine-configurator\6.6.0\flowable-idm-engine-configurator-6.6.0.jar;C:\Users\raouf.rhimi\.m2\repository\org\flowable\flowable-cmmn-api\6.6.0\flowable-cmmn-api-6.6.0.jar;C:\Users\raouf.rhimi\.m2\repository\org\flowable\flowable-cmmn-model\6.6.0\flowable-cmmn-model-6.6.0.jar;C:\Users\raouf.rhimi\.m2\repository\org\flowable\flowable-dmn-api\6.6.0\flowable-dmn-api-6.6.0.jar;C:\Users\raouf.rhimi\.m2\repository\org\flowable\flowable-dmn-model\6.6.0\flowable-dmn-model-6.6.0.jar;C:\Users\raouf.rhimi\.m2\repository\org\flowable\flowable-form-model\6.6.0\flowable-form-model-6.6.0.jar;C:\Users\raouf.rhimi\.m2\repository\org\flowable\flowable-form-api\6.6.0\flowable-form-api-6.6.0.jar;C:\Users\raouf.rhimi\.m2\repository\org\flowable\flowable-content-api\6.6.0\flowable-content-api-6.6.0.jar;C:\Users\raouf.rhimi\.m2\repository\org\flowable\flowable-http-common\6.6.0\flowable-http-common-6.6.0.jar;C:\Users\raouf.rhimi\.m2\repository\org\apache\commons\commons-email\1.5\commons-email-1.5.jar;C:\Users\raouf.rhimi\.m2\repository\com\sun\mail\javax.mail\1.5.6\javax.mail-1.5.6.jar;C:\Users\raouf.rhimi\.m2\repository\javax\activation\activation\1.1\activation-1.1.jar;C:\Users\raouf.rhimi\.m2\repository\org\apache\commons\commons-lang3\3.12.0\commons-lang3-3.12.0.jar;C:\Users\raouf.rhimi\.m2\repository\org\mybatis\mybatis\3.5.5\mybatis-3.5.5.jar;C:\Users\raouf.rhimi\.m2\repository\joda-time\joda-time\2.10.6\joda-time-2.10.6.jar;C:\Users\raouf.rhimi\.m2\repository\org\slf4j\jcl-over-slf4j\1.7.33\jcl-over-slf4j-1.7.33.jar;C:\Users\raouf.rhimi\.m2\repository\org\flowable\flowable-spring\6.6.0\flowable-spring-6.6.0.jar;C:\Users\raouf.rhimi\.m2\repository\org\flowable\flowable-spring-common\6.6.0\flowable-spring-common-6.6.0.jar;C:\Users\raouf.rhimi\.m2\repository\org\flowable\flowable-job-spring-service\6.6.0\flowable-job-spring-service-6.6.0.jar;C:\Users\raouf.rhimi\.m2\repository\org\flowable\flowable-event-registry-spring-configurator\6.6.0\flowable-event-registry-spring-configurator-6.6.0.jar;C:\Users\raouf.rhimi\.m2\repository\org\flowable\flowable-event-registry-spring\6.6.0\flowable-event-registry-spring-6.6.0.jar;C:\Users\raouf.rhimi\.m2\repository\org\springframework\boot\spring-boot-devtools\2.6.3\spring-boot-devtools-2.6.3.jar;C:\Users\raouf.rhimi\.m2\repository\org\springframework\boot\spring-boot\2.6.3\spring-boot-2.6.3.jar;C:\Users\raouf.rhimi\.m2\repository\org\springframework\boot\spring-boot-autoconfigure\2.6.3\spring-boot-autoconfigure-2.6.3.jar;C:\Users\raouf.rhimi\.m2\repository\commons-httpclient\commons-httpclient\3.1\commons-httpclient-3.1.jar;C:\Users\raouf.rhimi\.m2\repository\commons-logging\commons-logging\1.0.4\commons-logging-1.0.4.jar;C:\Users\raouf.rhimi\.m2\repository\commons-codec\commons-codec\1.15\commons-codec-1.15.jar;C:\Users\raouf.rhimi\.m2\repository\org\apache\httpcomponents\httpclient\4.5.13\httpclient-4.5.13.jar;C:\Users\raouf.rhimi\.m2\repository\org\apache\httpcomponents\httpcore\4.4.15\httpcore-4.4.15.jar;C:\Users\raouf.rhimi\.m2\repository\org\apache\chemistry\opencmis\chemistry-opencmis-client-impl\1.1.0\chemistry-opencmis-client-impl-1.1.0.jar;C:\Users\raouf.rhimi\.m2\repository\org\apache\chemistry\opencmis\chemistry-opencmis-client-api\1.1.0\chemistry-opencmis-client-api-1.1.0.jar;C:\Users\raouf.rhimi\.m2\repository\org\apache\chemistry\opencmis\chemistry-opencmis-commons-api\1.1.0\chemistry-opencmis-commons-api-1.1.0.jar;C:\Users\raouf.rhimi\.m2\repository\org\apache\chemistry\opencmis\chemistry-opencmis-commons-impl\1.1.0\chemistry-opencmis-commons-impl-1.1.0.jar;C:\Users\raouf.rhimi\.m2\repository\org\codehaus\woodstox\woodstox-core-asl\4.4.1\woodstox-core-asl-4.4.1.jar;C:\Users\raouf.rhimi\.m2\repository\org\codehaus\woodstox\stax2-api\3.1.4\stax2-api-3.1.4.jar;C:\Users\raouf.rhimi\.m2\repository\org\apache\chemistry\opencmis\chemistry-opencmis-client-bindings\1.1.0\chemistry-opencmis-client-bindings-1.1.0.jar;C:\Users\raouf.rhimi\.m2\repository\org\apache\cxf\cxf-rt-frontend-jaxws\3.0.12\cxf-rt-frontend-jaxws-3.0.12.jar;C:\Users\raouf.rhimi\.m2\repository\xml-resolver\xml-resolver\1.2\xml-resolver-1.2.jar;C:\Users\raouf.rhimi\.m2\repository\asm\asm\3.3.1\asm-3.3.1.jar;C:\Users\raouf.rhimi\.m2\repository\org\apache\cxf\cxf-core\3.0.12\cxf-core-3.0.12.jar;C:\Users\raouf.rhimi\.m2\repository\org\apache\ws\xmlschema\xmlschema-core\2.2.1\xmlschema-core-2.2.1.jar;C:\Users\raouf.rhimi\.m2\repository\org\apache\cxf\cxf-rt-bindings-soap\3.0.12\cxf-rt-bindings-soap-3.0.12.jar;C:\Users\raouf.rhimi\.m2\repository\org\apache\cxf\cxf-rt-wsdl\3.0.12\cxf-rt-wsdl-3.0.12.jar;C:\Users\raouf.rhimi\.m2\repository\org\apache\cxf\cxf-rt-databinding-jaxb\3.0.12\cxf-rt-databinding-jaxb-3.0.12.jar;C:\Users\raouf.rhimi\.m2\repository\com\sun\xml\bind\jaxb-impl\2.1.14\jaxb-impl-2.1.14.jar;C:\Users\raouf.rhimi\.m2\repository\com\sun\xml\fastinfoset\FastInfoset\1.2.12\FastInfoset-1.2.12.jar;C:\Users\raouf.rhimi\.m2\repository\com\sun\xml\bind\jaxb-core\2.1.14\jaxb-core-2.1.14.jar;C:\Users\raouf.rhimi\.m2\repository\org\apache\cxf\cxf-rt-bindings-xml\3.0.12\cxf-rt-bindings-xml-3.0.12.jar;C:\Users\raouf.rhimi\.m2\repository\org\apache\cxf\cxf-rt-frontend-simple\3.0.12\cxf-rt-frontend-simple-3.0.12.jar;C:\Users\raouf.rhimi\.m2\repository\org\apache\cxf\cxf-rt-ws-addr\3.0.12\cxf-rt-ws-addr-3.0.12.jar;C:\Users\raouf.rhimi\.m2\repository\org\apache\cxf\cxf-rt-transports-http\3.0.12\cxf-rt-transports-http-3.0.12.jar;C:\Users\raouf.rhimi\.m2\repository\org\apache\cxf\cxf-rt-ws-policy\3.0.12\cxf-rt-ws-policy-3.0.12.jar;C:\Users\raouf.rhimi\.m2\repository\wsdl4j\wsdl4j\1.6.3\wsdl4j-1.6.3.jar;C:\Users\raouf.rhimi\.m2\repository\org\apache\neethi\neethi\3.0.3\neethi-3.0.3.jar;C:\Users\raouf.rhimi\.m2\repository\org\slf4j\slf4j-api\1.7.33\slf4j-api-1.7.33.jar;C:\Users\raouf.rhimi\.m2\repository\org\projectlombok\lombok\1.18.22\lombok-1.18.22.jar;C:\Users\raouf.rhimi\.m2\repository\org\springframework\boot\spring-boot-starter-test\2.6.3\spring-boot-starter-test-2.6.3.jar;C:\Users\raouf.rhimi\.m2\repository\org\springframework\boot\spring-boot-test\2.6.3\spring-boot-test-2.6.3.jar;C:\Users\raouf.rhimi\.m2\repository\org\springframework\boot\spring-boot-test-autoconfigure\2.6.3\spring-boot-test-autoconfigure-2.6.3.jar;C:\Users\raouf.rhimi\.m2\repository\com\jayway\jsonpath\json-path\2.6.0\json-path-2.6.0.jar;C:\Users\raouf.rhimi\.m2\repository\net\minidev\json-smart\2.4.7\json-smart-2.4.7.jar;C:\Users\raouf.rhimi\.m2\repository\net\minidev\accessors-smart\2.4.7\accessors-smart-2.4.7.jar;C:\Users\raouf.rhimi\.m2\repository\org\ow2\asm\asm\9.1\asm-9.1.jar;C:\Users\raouf.rhimi\.m2\repository\jakarta\xml\bind\jakarta.xml.bind-api\2.3.3\jakarta.xml.bind-api-2.3.3.jar;C:\Users\raouf.rhimi\.m2\repository\jakarta\activation\jakarta.activation-api\1.2.2\jakarta.activation-api-1.2.2.jar;C:\Users\raouf.rhimi\.m2\repository\org\assertj\assertj-core\3.21.0\assertj-core-3.21.0.jar;C:\Users\raouf.rhimi\.m2\repository\org\hamcrest\hamcrest\2.2\hamcrest-2.2.jar;C:\Users\raouf.rhimi\.m2\repository\org\junit\jupiter\junit-jupiter\5.8.2\junit-jupiter-5.8.2.jar;C:\Users\raouf.rhimi\.m2\repository\org\junit\jupiter\junit-jupiter-api\5.8.2\junit-jupiter-api-5.8.2.jar;C:\Users\raouf.rhimi\.m2\repository\org\opentest4j\opentest4j\1.2.0\opentest4j-1.2.0.jar;C:\Users\raouf.rhimi\.m2\repository\org\junit\platform\junit-platform-commons\1.8.2\junit-platform-commons-1.8.2.jar;C:\Users\raouf.rhimi\.m2\repository\org\apiguardian\apiguardian-api\1.1.2\apiguardian-api-1.1.2.jar;C:\Users\raouf.rhimi\.m2\repository\org\junit\jupiter\junit-jupiter-params\5.8.2\junit-jupiter-params-5.8.2.jar;C:\Users\raouf.rhimi\.m2\repository\org\junit\jupiter\junit-jupiter-engine\5.8.2\junit-jupiter-engine-5.8.2.jar;C:\Users\raouf.rhimi\.m2\repository\org\junit\platform\junit-platform-engine\1.8.2\junit-platform-engine-1.8.2.jar;C:\Users\raouf.rhimi\.m2\repository\org\mockito\mockito-core\4.0.0\mockito-core-4.0.0.jar;C:\Users\raouf.rhimi\.m2\repository\net\bytebuddy\byte-buddy-agent\1.11.22\byte-buddy-agent-1.11.22.jar;C:\Users\raouf.rhimi\.m2\repository\org\objenesis\objenesis\3.2\objenesis-3.2.jar;C:\Users\raouf.rhimi\.m2\repository\org\mockito\mockito-junit-jupiter\4.0.0\mockito-junit-jupiter-4.0.0.jar;C:\Users\raouf.rhimi\.m2\repository\org\skyscreamer\jsonassert\1.5.0\jsonassert-1.5.0.jar;C:\Users\raouf.rhimi\.m2\repository\com\vaadin\external\google\android-json\0.0.20131108.vaadin1\android-json-0.0.20131108.vaadin1.jar;C:\Users\raouf.rhimi\.m2\repository\org\springframework\spring-test\5.3.15\spring-test-5.3.15.jar;C:\Users\raouf.rhimi\.m2\repository\org\xmlunit\xmlunit-core\2.8.4\xmlunit-core-2.8.4.jar;C:\Users\raouf.rhimi\.m2\repository\org\keycloak\keycloak-spring-boot-starter\15.0.2\keycloak-spring-boot-starter-15.0.2.jar;C:\Users\raouf.rhimi\.m2\repository\org\keycloak\keycloak-spring-boot-2-adapter\15.0.2\keycloak-spring-boot-2-adapter-15.0.2.jar;C:\Users\raouf.rhimi\.m2\repository\org\keycloak\keycloak-spring-boot-adapter-core\15.0.2\keycloak-spring-boot-adapter-core-15.0.2.jar;C:\Users\raouf.rhimi\.m2\repository\org\keycloak\keycloak-core\15.0.2\keycloak-core-15.0.2.jar;C:\Users\raouf.rhimi\.m2\repository\org\keycloak\keycloak-common\15.0.2\keycloak-common-15.0.2.jar;C:\Users\raouf.rhimi\.m2\repository\org\bouncycastle\bcpkix-jdk15on\1.68\bcpkix-jdk15on-1.68.jar;C:\Users\raouf.rhimi\.m2\repository\org\keycloak\keycloak-authz-client\15.0.2\keycloak-authz-client-15.0.2.jar;C:\Users\raouf.rhimi\.m2\repository\org\keycloak\spring-boot-container-bundle\15.0.2\spring-boot-container-bundle-15.0.2.jar;C:\Users\raouf.rhimi\.m2\repository\org\keycloak\keycloak-spring-security-adapter\15.0.2\keycloak-spring-security-adapter-15.0.2.jar;C:\Users\raouf.rhimi\.m2\repository\org\keycloak\keycloak-adapter-spi\15.0.2\keycloak-adapter-spi-15.0.2.jar;C:\Users\raouf.rhimi\.m2\repository\org\keycloak\keycloak-adapter-core\15.0.2\keycloak-adapter-core-15.0.2.jar;C:\Users\raouf.rhimi\.m2\repository\org\bouncycastle\bcprov-jdk15on\1.68\bcprov-jdk15on-1.68.jar;C:\Users\raouf.rhimi\.m2\repository\com\fasterxml\jackson\core\jackson-core\2.13.1\jackson-core-2.13.1.jar;C:\Users\raouf.rhimi\.m2\repository\com\fasterxml\jackson\core\jackson-annotations\2.13.1\jackson-annotations-2.13.1.jar;C:\Users\raouf.rhimi\.m2\repository\org\testng\testng\7.5\testng-7.5.jar;C:\Users\raouf.rhimi\.m2\repository\com\google\code\findbugs\jsr305\3.0.1\jsr305-3.0.1.jar;C:\Users\raouf.rhimi\.m2\repository\com\beust\jcommander\1.78\jcommander-1.78.jar;C:\Users\raouf.rhimi\.m2\repository\org\webjars\jquery\3.5.1\jquery-3.5.1.jar;"/>
    <property name="java.vm.vendor" value="Oracle Corporation"/>
    <property name="sun.arch.data.model" value="64"/>
    <property name="user.variant" value=""/>
    <property name="java.vendor.url" value="https://openjdk.java.net/"/>
    <property name="user.timezone" value="Africa/Luanda"/>
    <property name="java.vm.specification.version" value="11"/>
    <property name="os.name" value="Windows 10"/>
    <property name="sun.java.launcher" value="SUN_STANDARD"/>
    <property name="user.country" value="FR"/>
    <property name="sun.boot.library.path" value="C:\Program Files\Java\jdk-11.0.10\bin"/>
    <property name="sun.java.command" value="C:\Users\RAOUF~1.RHI\AppData\Local\Temp\surefire4809695398057167080\surefirebooter4243811654499148706.jar C:\Users\raouf.rhimi\AppData\Local\Temp\surefire4809695398057167080 2022-04-08T13-45-28_942-jvmRun1 surefire6315244828409805302tmp surefire_08730583087186984496tmp"/>
    <property name="jdk.debug" value="release"/>
    <property name="surefire.test.class.path" value="C:\Users\raouf.rhimi\Desktop\SocleCommun\SocleCommunBack\target\test-classes;C:\Users\raouf.rhimi\Desktop\SocleCommun\SocleCommunBack\target\classes;C:\Users\raouf.rhimi\.m2\repository\org\springframework\boot\spring-boot-starter-security\2.6.3\spring-boot-starter-security-2.6.3.jar;C:\Users\raouf.rhimi\.m2\repository\org\springframework\boot\spring-boot-starter\2.6.3\spring-boot-starter-2.6.3.jar;C:\Users\raouf.rhimi\.m2\repository\org\springframework\boot\spring-boot-starter-logging\2.6.3\spring-boot-starter-logging-2.6.3.jar;C:\Users\raouf.rhimi\.m2\repository\ch\qos\logback\logback-classic\1.2.10\logback-classic-1.2.10.jar;C:\Users\raouf.rhimi\.m2\repository\ch\qos\logback\logback-core\1.2.10\logback-core-1.2.10.jar;C:\Users\raouf.rhimi\.m2\repository\org\apache\logging\log4j\log4j-to-slf4j\2.17.1\log4j-to-slf4j-2.17.1.jar;C:\Users\raouf.rhimi\.m2\repository\org\apache\logging\log4j\log4j-api\2.17.1\log4j-api-2.17.1.jar;C:\Users\raouf.rhimi\.m2\repository\org\slf4j\jul-to-slf4j\1.7.33\jul-to-slf4j-1.7.33.jar;C:\Users\raouf.rhimi\.m2\repository\jakarta\annotation\jakarta.annotation-api\1.3.5\jakarta.annotation-api-1.3.5.jar;C:\Users\raouf.rhimi\.m2\repository\org\yaml\snakeyaml\1.29\snakeyaml-1.29.jar;C:\Users\raouf.rhimi\.m2\repository\org\springframework\spring-aop\5.3.15\spring-aop-5.3.15.jar;C:\Users\raouf.rhimi\.m2\repository\org\springframework\spring-beans\5.3.15\spring-beans-5.3.15.jar;C:\Users\raouf.rhimi\.m2\repository\org\springframework\security\spring-security-config\5.6.1\spring-security-config-5.6.1.jar;C:\Users\raouf.rhimi\.m2\repository\org\springframework\spring-context\5.3.15\spring-context-5.3.15.jar;C:\Users\raouf.rhimi\.m2\repository\org\springframework\security\spring-security-web\5.6.1\spring-security-web-5.6.1.jar;C:\Users\raouf.rhimi\.m2\repository\org\springframework\spring-expression\5.3.15\spring-expression-5.3.15.jar;C:\Users\raouf.rhimi\.m2\repository\org\springframework\security\spring-security-oauth2-resource-server\5.6.1\spring-security-oauth2-resource-server-5.6.1.jar;C:\Users\raouf.rhimi\.m2\repository\org\springframework\security\spring-security-core\5.6.1\spring-security-core-5.6.1.jar;C:\Users\raouf.rhimi\.m2\repository\org\springframework\security\spring-security-crypto\5.6.1\spring-security-crypto-5.6.1.jar;C:\Users\raouf.rhimi\.m2\repository\org\springframework\security\spring-security-oauth2-core\5.6.1\spring-security-oauth2-core-5.6.1.jar;C:\Users\raouf.rhimi\.m2\repository\org\springframework\spring-core\5.3.15\spring-core-5.3.15.jar;C:\Users\raouf.rhimi\.m2\repository\org\springframework\spring-jcl\5.3.15\spring-jcl-5.3.15.jar;C:\Users\raouf.rhimi\.m2\repository\org\springframework\security\spring-security-oauth2-jose\5.6.1\spring-security-oauth2-jose-5.6.1.jar;C:\Users\raouf.rhimi\.m2\repository\com\nimbusds\nimbus-jose-jwt\9.14\nimbus-jose-jwt-9.14.jar;C:\Users\raouf.rhimi\.m2\repository\com\github\stephenc\jcip\jcip-annotations\1.0-1\jcip-annotations-1.0-1.jar;C:\Users\raouf.rhimi\.m2\repository\org\liquibase\liquibase-core\4.5.0\liquibase-core-4.5.0.jar;C:\Users\raouf.rhimi\.m2\repository\javax\xml\bind\jaxb-api\2.3.1\jaxb-api-2.3.1.jar;C:\Users\raouf.rhimi\.m2\repository\javax\activation\javax.activation-api\1.2.0\javax.activation-api-1.2.0.jar;C:\Users\raouf.rhimi\.m2\repository\org\postgresql\postgresql\42.3.2\postgresql-42.3.2.jar;C:\Users\raouf.rhimi\.m2\repository\org\checkerframework\checker-qual\3.5.0\checker-qual-3.5.0.jar;C:\Users\raouf.rhimi\.m2\repository\org\springframework\boot\spring-boot-starter-data-jpa\2.6.3\spring-boot-starter-data-jpa-2.6.3.jar;C:\Users\raouf.rhimi\.m2\repository\org\springframework\boot\spring-boot-starter-aop\2.6.3\spring-boot-starter-aop-2.6.3.jar;C:\Users\raouf.rhimi\.m2\repository\org\aspectj\aspectjweaver\1.9.7\aspectjweaver-1.9.7.jar;C:\Users\raouf.rhimi\.m2\repository\org\springframework\boot\spring-boot-starter-jdbc\2.6.3\spring-boot-starter-jdbc-2.6.3.jar;C:\Users\raouf.rhimi\.m2\repository\com\zaxxer\HikariCP\4.0.3\HikariCP-4.0.3.jar;C:\Users\raouf.rhimi\.m2\repository\org\springframework\spring-jdbc\5.3.15\spring-jdbc-5.3.15.jar;C:\Users\raouf.rhimi\.m2\repository\jakarta\transaction\jakarta.transaction-api\1.3.3\jakarta.transaction-api-1.3.3.jar;C:\Users\raouf.rhimi\.m2\repository\jakarta\persistence\jakarta.persistence-api\2.2.3\jakarta.persistence-api-2.2.3.jar;C:\Users\raouf.rhimi\.m2\repository\org\hibernate\hibernate-core\5.6.4.Final\hibernate-core-5.6.4.Final.jar;C:\Users\raouf.rhimi\.m2\repository\org\jboss\logging\jboss-logging\3.4.3.Final\jboss-logging-3.4.3.Final.jar;C:\Users\raouf.rhimi\.m2\repository\net\bytebuddy\byte-buddy\1.11.22\byte-buddy-1.11.22.jar;C:\Users\raouf.rhimi\.m2\repository\antlr\antlr\2.7.7\antlr-2.7.7.jar;C:\Users\raouf.rhimi\.m2\repository\org\jboss\jandex\2.4.2.Final\jandex-2.4.2.Final.jar;C:\Users\raouf.rhimi\.m2\repository\com\fasterxml\classmate\1.5.1\classmate-1.5.1.jar;C:\Users\raouf.rhimi\.m2\repository\org\hibernate\common\hibernate-commons-annotations\5.1.2.Final\hibernate-commons-annotations-5.1.2.Final.jar;C:\Users\raouf.rhimi\.m2\repository\org\glassfish\jaxb\jaxb-runtime\2.3.5\jaxb-runtime-2.3.5.jar;C:\Users\raouf.rhimi\.m2\repository\org\glassfish\jaxb\txw2\2.3.5\txw2-2.3.5.jar;C:\Users\raouf.rhimi\.m2\repository\com\sun\istack\istack-commons-runtime\3.0.12\istack-commons-runtime-3.0.12.jar;C:\Users\raouf.rhimi\.m2\repository\com\sun\activation\jakarta.activation\1.2.2\jakarta.activation-1.2.2.jar;C:\Users\raouf.rhimi\.m2\repository\org\springframework\data\spring-data-jpa\2.6.1\spring-data-jpa-2.6.1.jar;C:\Users\raouf.rhimi\.m2\repository\org\springframework\data\spring-data-commons\2.6.1\spring-data-commons-2.6.1.jar;C:\Users\raouf.rhimi\.m2\repository\org\springframework\spring-orm\5.3.15\spring-orm-5.3.15.jar;C:\Users\raouf.rhimi\.m2\repository\org\springframework\spring-tx\5.3.15\spring-tx-5.3.15.jar;C:\Users\raouf.rhimi\.m2\repository\org\springframework\spring-aspects\5.3.15\spring-aspects-5.3.15.jar;C:\Users\raouf.rhimi\.m2\repository\org\springframework\boot\spring-boot-starter-web\2.6.3\spring-boot-starter-web-2.6.3.jar;C:\Users\raouf.rhimi\.m2\repository\org\springframework\boot\spring-boot-starter-json\2.6.3\spring-boot-starter-json-2.6.3.jar;C:\Users\raouf.rhimi\.m2\repository\com\fasterxml\jackson\core\jackson-databind\2.13.1\jackson-databind-2.13.1.jar;C:\Users\raouf.rhimi\.m2\repository\com\fasterxml\jackson\datatype\jackson-datatype-jdk8\2.13.1\jackson-datatype-jdk8-2.13.1.jar;C:\Users\raouf.rhimi\.m2\repository\com\fasterxml\jackson\datatype\jackson-datatype-jsr310\2.13.1\jackson-datatype-jsr310-2.13.1.jar;C:\Users\raouf.rhimi\.m2\repository\com\fasterxml\jackson\module\jackson-module-parameter-names\2.13.1\jackson-module-parameter-names-2.13.1.jar;C:\Users\raouf.rhimi\.m2\repository\org\springframework\boot\spring-boot-starter-tomcat\2.6.3\spring-boot-starter-tomcat-2.6.3.jar;C:\Users\raouf.rhimi\.m2\repository\org\apache\tomcat\embed\tomcat-embed-core\9.0.56\tomcat-embed-core-9.0.56.jar;C:\Users\raouf.rhimi\.m2\repository\org\apache\tomcat\embed\tomcat-embed-el\9.0.56\tomcat-embed-el-9.0.56.jar;C:\Users\raouf.rhimi\.m2\repository\org\apache\tomcat\embed\tomcat-embed-websocket\9.0.56\tomcat-embed-websocket-9.0.56.jar;C:\Users\raouf.rhimi\.m2\repository\org\springframework\spring-web\5.3.15\spring-web-5.3.15.jar;C:\Users\raouf.rhimi\.m2\repository\org\springframework\spring-webmvc\5.3.15\spring-webmvc-5.3.15.jar;C:\Users\raouf.rhimi\.m2\repository\org\flowable\flowable-spring-boot-starter-process\6.6.0\flowable-spring-boot-starter-process-6.6.0.jar;C:\Users\raouf.rhimi\.m2\repository\org\flowable\flowable-spring-boot-autoconfigure\6.6.0\flowable-spring-boot-autoconfigure-6.6.0.jar;C:\Users\raouf.rhimi\.m2\repository\org\flowable\flowable-spring-security\6.6.0\flowable-spring-security-6.6.0.jar;C:\Users\raouf.rhimi\.m2\repository\org\flowable\flowable-engine\6.6.0\flowable-engine-6.6.0.jar;C:\Users\raouf.rhimi\.m2\repository\org\flowable\flowable-bpmn-converter\6.6.0\flowable-bpmn-converter-6.6.0.jar;C:\Users\raouf.rhimi\.m2\repository\org\flowable\flowable-bpmn-model\6.6.0\flowable-bpmn-model-6.6.0.jar;C:\Users\raouf.rhimi\.m2\repository\org\flowable\flowable-process-validation\6.6.0\flowable-process-validation-6.6.0.jar;C:\Users\raouf.rhimi\.m2\repository\org\flowable\flowable-image-generator\6.6.0\flowable-image-generator-6.6.0.jar;C:\Users\raouf.rhimi\.m2\repository\org\flowable\flowable-engine-common-api\6.6.0\flowable-engine-common-api-6.6.0.jar;C:\Users\raouf.rhimi\.m2\repository\org\flowable\flowable-engine-common\6.6.0\flowable-engine-common-6.6.0.jar;C:\Users\raouf.rhimi\.m2\repository\org\flowable\flowable-variable-service-api\6.6.0\flowable-variable-service-api-6.6.0.jar;C:\Users\raouf.rhimi\.m2\repository\org\flowable\flowable-event-registry-api\6.6.0\flowable-event-registry-api-6.6.0.jar;C:\Users\raouf.rhimi\.m2\repository\org\flowable\flowable-variable-service\6.6.0\flowable-variable-service-6.6.0.jar;C:\Users\raouf.rhimi\.m2\repository\org\flowable\flowable-identitylink-service\6.6.0\flowable-identitylink-service-6.6.0.jar;C:\Users\raouf.rhimi\.m2\repository\org\flowable\flowable-identitylink-service-api\6.6.0\flowable-identitylink-service-api-6.6.0.jar;C:\Users\raouf.rhimi\.m2\repository\org\flowable\flowable-entitylink-service\6.6.0\flowable-entitylink-service-6.6.0.jar;C:\Users\raouf.rhimi\.m2\repository\org\flowable\flowable-entitylink-service-api\6.6.0\flowable-entitylink-service-api-6.6.0.jar;C:\Users\raouf.rhimi\.m2\repository\org\flowable\flowable-event-registry\6.6.0\flowable-event-registry-6.6.0.jar;C:\Users\raouf.rhimi\.m2\repository\org\flowable\flowable-event-registry-model\6.6.0\flowable-event-registry-model-6.6.0.jar;C:\Users\raouf.rhimi\.m2\repository\org\flowable\flowable-event-registry-json-converter\6.6.0\flowable-event-registry-json-converter-6.6.0.jar;C:\Users\raouf.rhimi\.m2\repository\org\flowable\flowable-eventsubscription-service-api\6.6.0\flowable-eventsubscription-service-api-6.6.0.jar;C:\Users\raouf.rhimi\.m2\repository\commons-io\commons-io\2.8.0\commons-io-2.8.0.jar;C:\Users\raouf.rhimi\.m2\repository\com\fasterxml\uuid\java-uuid-generator\3.3.0\java-uuid-generator-3.3.0.jar;C:\Users\raouf.rhimi\.m2\repository\org\flowable\flowable-event-registry-configurator\6.6.0\flowable-event-registry-configurator-6.6.0.jar;C:\Users\raouf.rhimi\.m2\repository\org\flowable\flowable-eventsubscription-service\6.6.0\flowable-eventsubscription-service-6.6.0.jar;C:\Users\raouf.rhimi\.m2\repository\org\flowable\flowable-task-service\6.6.0\flowable-task-service-6.6.0.jar;C:\Users\raouf.rhimi\.m2\repository\org\flowable\flowable-task-service-api\6.6.0\flowable-task-service-api-6.6.0.jar;C:\Users\raouf.rhimi\.m2\repository\org\flowable\flowable-job-service\6.6.0\flowable-job-service-6.6.0.jar;C:\Users\raouf.rhimi\.m2\repository\org\flowable\flowable-job-service-api\6.6.0\flowable-job-service-api-6.6.0.jar;C:\Users\raouf.rhimi\.m2\repository\org\flowable\flowable-batch-service\6.6.0\flowable-batch-service-6.6.0.jar;C:\Users\raouf.rhimi\.m2\repository\org\flowable\flowable-batch-service-api\6.6.0\flowable-batch-service-api-6.6.0.jar;C:\Users\raouf.rhimi\.m2\repository\org\flowable\flowable-idm-api\6.6.0\flowable-idm-api-6.6.0.jar;C:\Users\raouf.rhimi\.m2\repository\org\flowable\flowable-idm-engine\6.6.0\flowable-idm-engine-6.6.0.jar;C:\Users\raouf.rhimi\.m2\repository\org\flowable\flowable-idm-engine-configurator\6.6.0\flowable-idm-engine-configurator-6.6.0.jar;C:\Users\raouf.rhimi\.m2\repository\org\flowable\flowable-cmmn-api\6.6.0\flowable-cmmn-api-6.6.0.jar;C:\Users\raouf.rhimi\.m2\repository\org\flowable\flowable-cmmn-model\6.6.0\flowable-cmmn-model-6.6.0.jar;C:\Users\raouf.rhimi\.m2\repository\org\flowable\flowable-dmn-api\6.6.0\flowable-dmn-api-6.6.0.jar;C:\Users\raouf.rhimi\.m2\repository\org\flowable\flowable-dmn-model\6.6.0\flowable-dmn-model-6.6.0.jar;C:\Users\raouf.rhimi\.m2\repository\org\flowable\flowable-form-model\6.6.0\flowable-form-model-6.6.0.jar;C:\Users\raouf.rhimi\.m2\repository\org\flowable\flowable-form-api\6.6.0\flowable-form-api-6.6.0.jar;C:\Users\raouf.rhimi\.m2\repository\org\flowable\flowable-content-api\6.6.0\flowable-content-api-6.6.0.jar;C:\Users\raouf.rhimi\.m2\repository\org\flowable\flowable-http-common\6.6.0\flowable-http-common-6.6.0.jar;C:\Users\raouf.rhimi\.m2\repository\org\apache\commons\commons-email\1.5\commons-email-1.5.jar;C:\Users\raouf.rhimi\.m2\repository\com\sun\mail\javax.mail\1.5.6\javax.mail-1.5.6.jar;C:\Users\raouf.rhimi\.m2\repository\javax\activation\activation\1.1\activation-1.1.jar;C:\Users\raouf.rhimi\.m2\repository\org\apache\commons\commons-lang3\3.12.0\commons-lang3-3.12.0.jar;C:\Users\raouf.rhimi\.m2\repository\org\mybatis\mybatis\3.5.5\mybatis-3.5.5.jar;C:\Users\raouf.rhimi\.m2\repository\joda-time\joda-time\2.10.6\joda-time-2.10.6.jar;C:\Users\raouf.rhimi\.m2\repository\org\slf4j\jcl-over-slf4j\1.7.33\jcl-over-slf4j-1.7.33.jar;C:\Users\raouf.rhimi\.m2\repository\org\flowable\flowable-spring\6.6.0\flowable-spring-6.6.0.jar;C:\Users\raouf.rhimi\.m2\repository\org\flowable\flowable-spring-common\6.6.0\flowable-spring-common-6.6.0.jar;C:\Users\raouf.rhimi\.m2\repository\org\flowable\flowable-job-spring-service\6.6.0\flowable-job-spring-service-6.6.0.jar;C:\Users\raouf.rhimi\.m2\repository\org\flowable\flowable-event-registry-spring-configurator\6.6.0\flowable-event-registry-spring-configurator-6.6.0.jar;C:\Users\raouf.rhimi\.m2\repository\org\flowable\flowable-event-registry-spring\6.6.0\flowable-event-registry-spring-6.6.0.jar;C:\Users\raouf.rhimi\.m2\repository\org\springframework\boot\spring-boot-devtools\2.6.3\spring-boot-devtools-2.6.3.jar;C:\Users\raouf.rhimi\.m2\repository\org\springframework\boot\spring-boot\2.6.3\spring-boot-2.6.3.jar;C:\Users\raouf.rhimi\.m2\repository\org\springframework\boot\spring-boot-autoconfigure\2.6.3\spring-boot-autoconfigure-2.6.3.jar;C:\Users\raouf.rhimi\.m2\repository\commons-httpclient\commons-httpclient\3.1\commons-httpclient-3.1.jar;C:\Users\raouf.rhimi\.m2\repository\commons-logging\commons-logging\1.0.4\commons-logging-1.0.4.jar;C:\Users\raouf.rhimi\.m2\repository\commons-codec\commons-codec\1.15\commons-codec-1.15.jar;C:\Users\raouf.rhimi\.m2\repository\org\apache\httpcomponents\httpclient\4.5.13\httpclient-4.5.13.jar;C:\Users\raouf.rhimi\.m2\repository\org\apache\httpcomponents\httpcore\4.4.15\httpcore-4.4.15.jar;C:\Users\raouf.rhimi\.m2\repository\org\apache\chemistry\opencmis\chemistry-opencmis-client-impl\1.1.0\chemistry-opencmis-client-impl-1.1.0.jar;C:\Users\raouf.rhimi\.m2\repository\org\apache\chemistry\opencmis\chemistry-opencmis-client-api\1.1.0\chemistry-opencmis-client-api-1.1.0.jar;C:\Users\raouf.rhimi\.m2\repository\org\apache\chemistry\opencmis\chemistry-opencmis-commons-api\1.1.0\chemistry-opencmis-commons-api-1.1.0.jar;C:\Users\raouf.rhimi\.m2\repository\org\apache\chemistry\opencmis\chemistry-opencmis-commons-impl\1.1.0\chemistry-opencmis-commons-impl-1.1.0.jar;C:\Users\raouf.rhimi\.m2\repository\org\codehaus\woodstox\woodstox-core-asl\4.4.1\woodstox-core-asl-4.4.1.jar;C:\Users\raouf.rhimi\.m2\repository\org\codehaus\woodstox\stax2-api\3.1.4\stax2-api-3.1.4.jar;C:\Users\raouf.rhimi\.m2\repository\org\apache\chemistry\opencmis\chemistry-opencmis-client-bindings\1.1.0\chemistry-opencmis-client-bindings-1.1.0.jar;C:\Users\raouf.rhimi\.m2\repository\org\apache\cxf\cxf-rt-frontend-jaxws\3.0.12\cxf-rt-frontend-jaxws-3.0.12.jar;C:\Users\raouf.rhimi\.m2\repository\xml-resolver\xml-resolver\1.2\xml-resolver-1.2.jar;C:\Users\raouf.rhimi\.m2\repository\asm\asm\3.3.1\asm-3.3.1.jar;C:\Users\raouf.rhimi\.m2\repository\org\apache\cxf\cxf-core\3.0.12\cxf-core-3.0.12.jar;C:\Users\raouf.rhimi\.m2\repository\org\apache\ws\xmlschema\xmlschema-core\2.2.1\xmlschema-core-2.2.1.jar;C:\Users\raouf.rhimi\.m2\repository\org\apache\cxf\cxf-rt-bindings-soap\3.0.12\cxf-rt-bindings-soap-3.0.12.jar;C:\Users\raouf.rhimi\.m2\repository\org\apache\cxf\cxf-rt-wsdl\3.0.12\cxf-rt-wsdl-3.0.12.jar;C:\Users\raouf.rhimi\.m2\repository\org\apache\cxf\cxf-rt-databinding-jaxb\3.0.12\cxf-rt-databinding-jaxb-3.0.12.jar;C:\Users\raouf.rhimi\.m2\repository\com\sun\xml\bind\jaxb-impl\2.1.14\jaxb-impl-2.1.14.jar;C:\Users\raouf.rhimi\.m2\repository\com\sun\xml\fastinfoset\FastInfoset\1.2.12\FastInfoset-1.2.12.jar;C:\Users\raouf.rhimi\.m2\repository\com\sun\xml\bind\jaxb-core\2.1.14\jaxb-core-2.1.14.jar;C:\Users\raouf.rhimi\.m2\repository\org\apache\cxf\cxf-rt-bindings-xml\3.0.12\cxf-rt-bindings-xml-3.0.12.jar;C:\Users\raouf.rhimi\.m2\repository\org\apache\cxf\cxf-rt-frontend-simple\3.0.12\cxf-rt-frontend-simple-3.0.12.jar;C:\Users\raouf.rhimi\.m2\repository\org\apache\cxf\cxf-rt-ws-addr\3.0.12\cxf-rt-ws-addr-3.0.12.jar;C:\Users\raouf.rhimi\.m2\repository\org\apache\cxf\cxf-rt-transports-http\3.0.12\cxf-rt-transports-http-3.0.12.jar;C:\Users\raouf.rhimi\.m2\repository\org\apache\cxf\cxf-rt-ws-policy\3.0.12\cxf-rt-ws-policy-3.0.12.jar;C:\Users\raouf.rhimi\.m2\repository\wsdl4j\wsdl4j\1.6.3\wsdl4j-1.6.3.jar;C:\Users\raouf.rhimi\.m2\repository\org\apache\neethi\neethi\3.0.3\neethi-3.0.3.jar;C:\Users\raouf.rhimi\.m2\repository\org\slf4j\slf4j-api\1.7.33\slf4j-api-1.7.33.jar;C:\Users\raouf.rhimi\.m2\repository\org\projectlombok\lombok\1.18.22\lombok-1.18.22.jar;C:\Users\raouf.rhimi\.m2\repository\org\springframework\boot\spring-boot-starter-test\2.6.3\spring-boot-starter-test-2.6.3.jar;C:\Users\raouf.rhimi\.m2\repository\org\springframework\boot\spring-boot-test\2.6.3\spring-boot-test-2.6.3.jar;C:\Users\raouf.rhimi\.m2\repository\org\springframework\boot\spring-boot-test-autoconfigure\2.6.3\spring-boot-test-autoconfigure-2.6.3.jar;C:\Users\raouf.rhimi\.m2\repository\com\jayway\jsonpath\json-path\2.6.0\json-path-2.6.0.jar;C:\Users\raouf.rhimi\.m2\repository\net\minidev\json-smart\2.4.7\json-smart-2.4.7.jar;C:\Users\raouf.rhimi\.m2\repository\net\minidev\accessors-smart\2.4.7\accessors-smart-2.4.7.jar;C:\Users\raouf.rhimi\.m2\repository\org\ow2\asm\asm\9.1\asm-9.1.jar;C:\Users\raouf.rhimi\.m2\repository\jakarta\xml\bind\jakarta.xml.bind-api\2.3.3\jakarta.xml.bind-api-2.3.3.jar;C:\Users\raouf.rhimi\.m2\repository\jakarta\activation\jakarta.activation-api\1.2.2\jakarta.activation-api-1.2.2.jar;C:\Users\raouf.rhimi\.m2\repository\org\assertj\assertj-core\3.21.0\assertj-core-3.21.0.jar;C:\Users\raouf.rhimi\.m2\repository\org\hamcrest\hamcrest\2.2\hamcrest-2.2.jar;C:\Users\raouf.rhimi\.m2\repository\org\junit\jupiter\junit-jupiter\5.8.2\junit-jupiter-5.8.2.jar;C:\Users\raouf.rhimi\.m2\repository\org\junit\jupiter\junit-jupiter-api\5.8.2\junit-jupiter-api-5.8.2.jar;C:\Users\raouf.rhimi\.m2\repository\org\opentest4j\opentest4j\1.2.0\opentest4j-1.2.0.jar;C:\Users\raouf.rhimi\.m2\repository\org\junit\platform\junit-platform-commons\1.8.2\junit-platform-commons-1.8.2.jar;C:\Users\raouf.rhimi\.m2\repository\org\apiguardian\apiguardian-api\1.1.2\apiguardian-api-1.1.2.jar;C:\Users\raouf.rhimi\.m2\repository\org\junit\jupiter\junit-jupiter-params\5.8.2\junit-jupiter-params-5.8.2.jar;C:\Users\raouf.rhimi\.m2\repository\org\junit\jupiter\junit-jupiter-engine\5.8.2\junit-jupiter-engine-5.8.2.jar;C:\Users\raouf.rhimi\.m2\repository\org\junit\platform\junit-platform-engine\1.8.2\junit-platform-engine-1.8.2.jar;C:\Users\raouf.rhimi\.m2\repository\org\mockito\mockito-core\4.0.0\mockito-core-4.0.0.jar;C:\Users\raouf.rhimi\.m2\repository\net\bytebuddy\byte-buddy-agent\1.11.22\byte-buddy-agent-1.11.22.jar;C:\Users\raouf.rhimi\.m2\repository\org\objenesis\objenesis\3.2\objenesis-3.2.jar;C:\Users\raouf.rhimi\.m2\repository\org\mockito\mockito-junit-jupiter\4.0.0\mockito-junit-jupiter-4.0.0.jar;C:\Users\raouf.rhimi\.m2\repository\org\skyscreamer\jsonassert\1.5.0\jsonassert-1.5.0.jar;C:\Users\raouf.rhimi\.m2\repository\com\vaadin\external\google\android-json\0.0.20131108.vaadin1\android-json-0.0.20131108.vaadin1.jar;C:\Users\raouf.rhimi\.m2\repository\org\springframework\spring-test\5.3.15\spring-test-5.3.15.jar;C:\Users\raouf.rhimi\.m2\repository\org\xmlunit\xmlunit-core\2.8.4\xmlunit-core-2.8.4.jar;C:\Users\raouf.rhimi\.m2\repository\org\keycloak\keycloak-spring-boot-starter\15.0.2\keycloak-spring-boot-starter-15.0.2.jar;C:\Users\raouf.rhimi\.m2\repository\org\keycloak\keycloak-spring-boot-2-adapter\15.0.2\keycloak-spring-boot-2-adapter-15.0.2.jar;C:\Users\raouf.rhimi\.m2\repository\org\keycloak\keycloak-spring-boot-adapter-core\15.0.2\keycloak-spring-boot-adapter-core-15.0.2.jar;C:\Users\raouf.rhimi\.m2\repository\org\keycloak\keycloak-core\15.0.2\keycloak-core-15.0.2.jar;C:\Users\raouf.rhimi\.m2\repository\org\keycloak\keycloak-common\15.0.2\keycloak-common-15.0.2.jar;C:\Users\raouf.rhimi\.m2\repository\org\bouncycastle\bcpkix-jdk15on\1.68\bcpkix-jdk15on-1.68.jar;C:\Users\raouf.rhimi\.m2\repository\org\keycloak\keycloak-authz-client\15.0.2\keycloak-authz-client-15.0.2.jar;C:\Users\raouf.rhimi\.m2\repository\org\keycloak\spring-boot-container-bundle\15.0.2\spring-boot-container-bundle-15.0.2.jar;C:\Users\raouf.rhimi\.m2\repository\org\keycloak\keycloak-spring-security-adapter\15.0.2\keycloak-spring-security-adapter-15.0.2.jar;C:\Users\raouf.rhimi\.m2\repository\org\keycloak\keycloak-adapter-spi\15.0.2\keycloak-adapter-spi-15.0.2.jar;C:\Users\raouf.rhimi\.m2\repository\org\keycloak\keycloak-adapter-core\15.0.2\keycloak-adapter-core-15.0.2.jar;C:\Users\raouf.rhimi\.m2\repository\org\bouncycastle\bcprov-jdk15on\1.68\bcprov-jdk15on-1.68.jar;C:\Users\raouf.rhimi\.m2\repository\com\fasterxml\jackson\core\jackson-core\2.13.1\jackson-core-2.13.1.jar;C:\Users\raouf.rhimi\.m2\repository\com\fasterxml\jackson\core\jackson-annotations\2.13.1\jackson-annotations-2.13.1.jar;C:\Users\raouf.rhimi\.m2\repository\org\testng\testng\7.5\testng-7.5.jar;C:\Users\raouf.rhimi\.m2\repository\com\google\code\findbugs\jsr305\3.0.1\jsr305-3.0.1.jar;C:\Users\raouf.rhimi\.m2\repository\com\beust\jcommander\1.78\jcommander-1.78.jar;C:\Users\raouf.rhimi\.m2\repository\org\webjars\jquery\3.5.1\jquery-3.5.1.jar;"/>
    <property name="sun.cpu.endian" value="little"/>
    <property name="user.home" value="C:\Users\raouf.rhimi"/>
    <property name="user.language" value="fr"/>
    <property name="java.specification.vendor" value="Oracle Corporation"/>
    <property name="java.version.date" value="2021-01-19"/>
    <property name="java.home" value="C:\Program Files\Java\jdk-11.0.10"/>
    <property name="file.separator" value="\"/>
    <property name="basedir" value="C:\Users\raouf.rhimi\Desktop\SocleCommun\SocleCommunBack"/>
    <property name="java.vm.compressedOopsMode" value="Zero based"/>
    <property name="line.separator" value="&#10;"/>
    <property name="java.specification.name" value="Java Platform API Specification"/>
    <property name="java.vm.specification.vendor" value="Oracle Corporation"/>
    <property name="java.awt.graphicsenv" value="sun.awt.Win32GraphicsEnvironment"/>
    <property name="surefire.real.class.path" value="C:\Users\RAOUF~1.RHI\AppData\Local\Temp\surefire4809695398057167080\surefirebooter4243811654499148706.jar"/>
    <property name="user.script" value=""/>
    <property name="sun.management.compiler" value="HotSpot 64-Bit Tiered Compilers"/>
    <property name="java.runtime.version" value="11.0.10+8-LTS-162"/>
    <property name="user.name" value="Raouf.Rhimi"/>
    <property name="path.separator" value=";"/>
    <property name="os.version" value="10.0"/>
    <property name="java.runtime.name" value="Java(TM) SE Runtime Environment"/>
    <property name="file.encoding" value="Cp1252"/>
    <property name="java.vm.name" value="Java HotSpot(TM) 64-Bit Server VM"/>
    <property name="java.vendor.version" value="18.9"/>
    <property name="localRepository" value="C:\Users\raouf.rhimi\.m2\repository"/>
    <property name="java.vendor.url.bug" value="https://bugreport.java.com/bugreport/"/>
    <property name="java.io.tmpdir" value="C:\Users\RAOUF~1.RHI\AppData\Local\Temp\"/>
    <property name="java.version" value="11.0.10"/>
    <property name="user.dir" value="C:\Users\raouf.rhimi\Desktop\SocleCommun\SocleCommunBack"/>
    <property name="os.arch" value="amd64"/>
    <property name="java.vm.specification.name" value="Java Virtual Machine Specification"/>
    <property name="java.awt.printerjob" value="sun.awt.windows.WPrinterJob"/>
    <property name="sun.os.patch.level" value=""/>
    <property name="java.library.path" value="C:\Program Files\Java\jdk-11.0.10\bin;C:\WINDOWS\Sun\Java\bin;C:\WINDOWS\system32;C:\WINDOWS;C:\Program Files (x86)\VMware\VMware Workstation\bin\;C:\Program Files\Common Files\Oracle\Java\javapath;C:\Python39\Scripts\;C:\Python39\;C:\WINDOWS\system32;C:\WINDOWS;C:\WINDOWS\System32\Wbem;C:\WINDOWS\System32\WindowsPowerShell\v1.0\;C:\WINDOWS\System32\OpenSSH\;C:\Program Files\TortoiseSVN\bin;C:\ProgramData\chocolatey\bin;C:\Program Files\Git\cmd;C:\apache-maven-3.8.3-bin\apache-maven-3.8.3;C:\apache-maven-3.8.3-bin\apache-maven-3.8.3\bin;C:\Program Files\Java\jdk-11.0.10bin;C:\Sonar\sonarqube-9.1.0.47736\sonarqube-9.1.0.47736\bin;C:\Sonar\sonar-scanner-cli-4.6.2.2472-windows\sonar-scanner-4.6.2.2472-windows\bin;C:\Program Files\MySQL\MySQL Server 8.0\bin;C:\Program Files\MongoDB\Server\5.0\bin;C:\xampp\php;C:\composer;C:\Program Files\Symfony;C:\Program Files\Symfony;C:\Users\raouf.rhimi\AppData\Roaming\nvm;C:\Program Files\nodejs;C:\Program Files\nodejs\;C:\MinGW\bin;;C:\Program Files\Docker\Docker\resources\bin;C:\ProgramData\DockerDesktop\version-bin;C:\Program Files\MySQL\MySQL Shell 8.0\bin\;C:\Program Files\JetBrains\IntelliJ IDEA Community Edition 2021.2.2\bin;;&quot;C:\WINDOWS;&quot;;C:\Users\raouf.rhimi\AppData\Local\Programs\Microsoft VS Code\bin;C:\Users\raouf.rhimi\AppData\Local\Microsoft\WindowsApps;C:\Users\raouf.rhimi\AppData\Roaming\Composer\vendor\bin;C:\Users\raouf.rhimi\AppData\Roaming\nvm;C:\Program Files\nodejs;C:\Users\raouf.rhimi\AppData\Roaming\npm;C:\Program Files\JetBrains\WebStorm 2021.3.2\bin;;."/>
    <property name="java.vendor" value="Oracle Corporation"/>
    <property name="java.vm.info" value="mixed mode"/>
    <property name="java.vm.version" value="11.0.10+8-LTS-162"/>
    <property name="sun.io.unicode.encoding" value="UnicodeLittle"/>
    <property name="java.class.version" value="55.0"/>
  </properties>
</testsuite>